{"name": "test_right_way", "status": "broken", "statusDetails": {"message": "selenium.common.exceptions.NoSuchWindowException: Message: no such window: target window already closed\nfrom unknown error: web view not found\n  (Session info: chrome=109.0.5414.120)\nStacktrace:\nBacktrace:\n\t(No symbol) [0x01056643]\n\t(No symbol) [0x00FEBE21]\n\t(No symbol) [0x00EEDA9D]\n\t(No symbol) [0x00ECEF6A]\n\t(No symbol) [0x00F43AAB]\n\t(No symbol) [0x00F561B6]\n\t(No symbol) [0x00F3FB76]\n\t(No symbol) [0x00F149C1]\n\t(No symbol) [0x00F15E5D]\n\tGetHandleVerifier [0x012CA142+2497106]\n\tGetHandleVerifier [0x012F85D3+2686691]\n\tGetHandleVerifier [0x012FBB9C+2700460]\n\tGetHandleVerifier [0x01103B10+635936]\n\t(No symbol) [0x00FF4A1F]\n\t(No symbol) [0x00FFA418]\n\t(No symbol) [0x00FFA505]\n\t(No symbol) [0x0100508B]\n\tBaseThreadInitThunk [0x759405C9+25]\n\tRtlGetAppContainerNamedObjectPath [0x77DE784D+237]\n\tRtlGetAppContainerNamedObjectPath [0x77DE781D+189]", "trace": "browser = <selenium.webdriver.chrome.webdriver.WebDriver (session=\"49b581c394a3aabd4207cf9fd82dc9be\")>\n\n    def test_right_way(browser):\n        \"\"\"\n        Test case TC-4\n        \"\"\"\n        browser.get(URL)\n        browser.execute_script(\"window.scrollTo(0, document.body.scrollHeight);\")\n    \n        WebDriverWait(browser, timeout=10, poll_frequency=2).until(EC.text_to_be_present_in_element(\n            (By.CLASS_NAME, \"current-post\"), \"17\"))\n    \n        product = browser.find_element(by=By.CSS_SELECTOR, value=\"[data-product_sku='4XAVRC35']\")\n        product.click()\n    \n        WebDriverWait(browser, timeout=10, poll_frequency=2).until(\n            EC.visibility_of_element_located((By.ID, \"cart-modal\")))\n    \n        cart_is_visible = browser.find_element(\n            By.XPATH, value=\"//div[@id='cart-modal']\").value_of_css_property(\"display\")\n        assert cart_is_visible == \"block\", \"Unexpected state of cart\"\n    \n        browser.find_element(by=By.CSS_SELECTOR, value=\"a.button.checkout\").click()\n>       WebDriverWait(browser, timeout=10, poll_frequency=1).until(\n            EC.url_to_be(\"https://test.qa.studio/?page_id=10\"))\n\ntests\\test_shop.py:89: \n_ _ _ _ _ _ _ _ _ _ _ _ _ _ _ _ _ _ _ _ _ _ _ _ _ _ _ _ _ _ _ _ _ _ _ _ _ _ _ _\n..\\..\\..\\..\\AppData\\Local\\Programs\\Python\\Python311\\Lib\\site-packages\\selenium\\webdriver\\support\\wait.py:86: in until\n    value = method(self._driver)\n..\\..\\..\\..\\AppData\\Local\\Programs\\Python\\Python311\\Lib\\site-packages\\selenium\\webdriver\\support\\expected_conditions.py:110: in _predicate\n    return url == driver.current_url\n..\\..\\..\\..\\AppData\\Local\\Programs\\Python\\Python311\\Lib\\site-packages\\selenium\\webdriver\\remote\\webdriver.py:530: in current_url\n    return self.execute(Command.GET_CURRENT_URL)[\"value\"]\n..\\..\\..\\..\\AppData\\Local\\Programs\\Python\\Python311\\Lib\\site-packages\\selenium\\webdriver\\remote\\webdriver.py:440: in execute\n    self.error_handler.check_response(response)\n_ _ _ _ _ _ _ _ _ _ _ _ _ _ _ _ _ _ _ _ _ _ _ _ _ _ _ _ _ _ _ _ _ _ _ _ _ _ _ _\n\nself = <selenium.webdriver.remote.errorhandler.ErrorHandler object at 0x00000164DAA2FC10>\nresponse = {'status': 404, 'value': '{\"value\":{\"error\":\"no such window\",\"message\":\"no such window: target window already closed\\\\...\\n\\\\tRtlGetAppContainerNamedObjectPath [0x77DE784D+237]\\\\n\\\\tRtlGetAppContainerNamedObjectPath [0x77DE781D+189]\\\\n\"}}'}\n\n    def check_response(self, response: Dict[str, Any]) -> None:\n        \"\"\"Checks that a JSON response from the WebDriver does not have an\n        error.\n    \n        :Args:\n         - response - The JSON response from the WebDriver server as a dictionary\n           object.\n    \n        :Raises: If the response contains an error message.\n        \"\"\"\n        status = response.get(\"status\", None)\n        if not status or status == ErrorCode.SUCCESS:\n            return\n        value = None\n        message = response.get(\"message\", \"\")\n        screen: str = response.get(\"screen\", \"\")\n        stacktrace = None\n        if isinstance(status, int):\n            value_json = response.get(\"value\", None)\n            if value_json and isinstance(value_json, str):\n                import json\n    \n                try:\n                    value = json.loads(value_json)\n                    if len(value.keys()) == 1:\n                        value = value[\"value\"]\n                    status = value.get(\"error\", None)\n                    if not status:\n                        status = value.get(\"status\", ErrorCode.UNKNOWN_ERROR)\n                        message = value.get(\"value\") or value.get(\"message\")\n                        if not isinstance(message, str):\n                            value = message\n                            message = message.get(\"message\")\n                    else:\n                        message = value.get(\"message\", None)\n                except ValueError:\n                    pass\n    \n        exception_class: Type[WebDriverException]\n        if status in ErrorCode.NO_SUCH_ELEMENT:\n            exception_class = NoSuchElementException\n        elif status in ErrorCode.NO_SUCH_FRAME:\n            exception_class = NoSuchFrameException\n        elif status in ErrorCode.NO_SUCH_SHADOW_ROOT:\n            exception_class = NoSuchShadowRootException\n        elif status in ErrorCode.NO_SUCH_WINDOW:\n            exception_class = NoSuchWindowException\n        elif status in ErrorCode.STALE_ELEMENT_REFERENCE:\n            exception_class = StaleElementReferenceException\n        elif status in ErrorCode.ELEMENT_NOT_VISIBLE:\n            exception_class = ElementNotVisibleException\n        elif status in ErrorCode.INVALID_ELEMENT_STATE:\n            exception_class = InvalidElementStateException\n        elif (\n            status in ErrorCode.INVALID_SELECTOR\n            or status in ErrorCode.INVALID_XPATH_SELECTOR\n            or status in ErrorCode.INVALID_XPATH_SELECTOR_RETURN_TYPER\n        ):\n            exception_class = InvalidSelectorException\n        elif status in ErrorCode.ELEMENT_IS_NOT_SELECTABLE:\n            exception_class = ElementNotSelectableException\n        elif status in ErrorCode.ELEMENT_NOT_INTERACTABLE:\n            exception_class = ElementNotInteractableException\n        elif status in ErrorCode.INVALID_COOKIE_DOMAIN:\n            exception_class = InvalidCookieDomainException\n        elif status in ErrorCode.UNABLE_TO_SET_COOKIE:\n            exception_class = UnableToSetCookieException\n        elif status in ErrorCode.TIMEOUT:\n            exception_class = TimeoutException\n        elif status in ErrorCode.SCRIPT_TIMEOUT:\n            exception_class = TimeoutException\n        elif status in ErrorCode.UNKNOWN_ERROR:\n            exception_class = WebDriverException\n        elif status in ErrorCode.UNEXPECTED_ALERT_OPEN:\n            exception_class = UnexpectedAlertPresentException\n        elif status in ErrorCode.NO_ALERT_OPEN:\n            exception_class = NoAlertPresentException\n        elif status in ErrorCode.IME_NOT_AVAILABLE:\n            exception_class = ImeNotAvailableException\n        elif status in ErrorCode.IME_ENGINE_ACTIVATION_FAILED:\n            exception_class = ImeActivationFailedException\n        elif status in ErrorCode.MOVE_TARGET_OUT_OF_BOUNDS:\n            exception_class = MoveTargetOutOfBoundsException\n        elif status in ErrorCode.JAVASCRIPT_ERROR:\n            exception_class = JavascriptException\n        elif status in ErrorCode.SESSION_NOT_CREATED:\n            exception_class = SessionNotCreatedException\n        elif status in ErrorCode.INVALID_ARGUMENT:\n            exception_class = InvalidArgumentException\n        elif status in ErrorCode.NO_SUCH_COOKIE:\n            exception_class = NoSuchCookieException\n        elif status in ErrorCode.UNABLE_TO_CAPTURE_SCREEN:\n            exception_class = ScreenshotException\n        elif status in ErrorCode.ELEMENT_CLICK_INTERCEPTED:\n            exception_class = ElementClickInterceptedException\n        elif status in ErrorCode.INSECURE_CERTIFICATE:\n            exception_class = InsecureCertificateException\n        elif status in ErrorCode.INVALID_COORDINATES:\n            exception_class = InvalidCoordinatesException\n        elif status in ErrorCode.INVALID_SESSION_ID:\n            exception_class = InvalidSessionIdException\n        elif status in ErrorCode.UNKNOWN_METHOD:\n            exception_class = UnknownMethodException\n        else:\n            exception_class = WebDriverException\n        if not value:\n            value = response[\"value\"]\n        if isinstance(value, str):\n            raise exception_class(value)\n        if message == \"\" and \"message\" in value:\n            message = value[\"message\"]\n    \n        screen = None  # type: ignore[assignment]\n        if \"screen\" in value:\n            screen = value[\"screen\"]\n    \n        stacktrace = None\n        st_value = value.get(\"stackTrace\") or value.get(\"stacktrace\")\n        if st_value:\n            if isinstance(st_value, str):\n                stacktrace = st_value.split(\"\\n\")\n            else:\n                stacktrace = []\n                try:\n                    for frame in st_value:\n                        line = frame.get(\"lineNumber\", \"\")\n                        file = frame.get(\"fileName\", \"<anonymous>\")\n                        if line:\n                            file = f\"{file}:{line}\"\n                        meth = frame.get(\"methodName\", \"<anonymous>\")\n                        if \"className\" in frame:\n                            meth = f\"{frame['className']}.{meth}\"\n                        msg = \"    at %s (%s)\"\n                        msg = msg % (meth, file)\n                        stacktrace.append(msg)\n                except TypeError:\n                    pass\n        if exception_class == UnexpectedAlertPresentException:\n            alert_text = None\n            if \"data\" in value:\n                alert_text = value[\"data\"].get(\"text\")\n            elif \"alert\" in value:\n                alert_text = value[\"alert\"].get(\"text\")\n            raise exception_class(message, screen, stacktrace, alert_text)  # type: ignore[call-arg]  # mypy is not smart enough here\n>       raise exception_class(message, screen, stacktrace)\nE       selenium.common.exceptions.NoSuchWindowException: Message: no such window: target window already closed\nE       from unknown error: web view not found\nE         (Session info: chrome=109.0.5414.120)\nE       Stacktrace:\nE       Backtrace:\nE       \t(No symbol) [0x01056643]\nE       \t(No symbol) [0x00FEBE21]\nE       \t(No symbol) [0x00EEDA9D]\nE       \t(No symbol) [0x00ECEF6A]\nE       \t(No symbol) [0x00F43AAB]\nE       \t(No symbol) [0x00F561B6]\nE       \t(No symbol) [0x00F3FB76]\nE       \t(No symbol) [0x00F149C1]\nE       \t(No symbol) [0x00F15E5D]\nE       \tGetHandleVerifier [0x012CA142+2497106]\nE       \tGetHandleVerifier [0x012F85D3+2686691]\nE       \tGetHandleVerifier [0x012FBB9C+2700460]\nE       \tGetHandleVerifier [0x01103B10+635936]\nE       \t(No symbol) [0x00FF4A1F]\nE       \t(No symbol) [0x00FFA418]\nE       \t(No symbol) [0x00FFA505]\nE       \t(No symbol) [0x0100508B]\nE       \tBaseThreadInitThunk [0x759405C9+25]\nE       \tRtlGetAppContainerNamedObjectPath [0x77DE784D+237]\nE       \tRtlGetAppContainerNamedObjectPath [0x77DE781D+189]\n\n..\\..\\..\\..\\AppData\\Local\\Programs\\Python\\Python311\\Lib\\site-packages\\selenium\\webdriver\\remote\\errorhandler.py:245: NoSuchWindowException"}, "description": "\n    Test case TC-4\n    ", "start": 1674828019591, "stop": 1674828031363, "uuid": "f57186b3-6e45-4b8c-95f1-d7dc87653a3b", "historyId": "832350b147fac251f172289a626c5cba", "testCaseId": "7b8323124234f69a8fde1e3de50f452e", "fullName": "tests.test_shop#test_right_way", "labels": [{"name": "parentSuite", "value": "tests"}, {"name": "suite", "value": "test_shop"}, {"name": "host", "value": "DESKTOP-KIA7PRU"}, {"name": "thread", "value": "9436-MainThread"}, {"name": "framework", "value": "pytest"}, {"name": "language", "value": "cpython3"}, {"name": "package", "value": "tests.test_shop"}]}